Using pre-set license
Built from '2021.3/staging' branch; Version is '2021.3.25f1 (68ef2c4f8861) revision 6876972'; Using compiler version '192829333'; Build Type 'Release'
OS: 'Windows 11  (10.0.22621) 64bit Professional' Language: 'ja' Physical Memory: 8058 MB
BatchMode: 1, IsHumanControllingUs: 0, StartBugReporterOnCrash: 0, Is64bit: 1, IsPro: 1

COMMAND LINE ARGUMENTS:
C:\Program Files\Unity\Hub\Editor\2021.3.25f1\Editor\Unity.exe
-adb2
-batchMode
-noUpm
-name
AssetImportWorker1
-projectPath
C:/work/x22n049/reseach/research/project/sotukenn
-logFile
Logs/AssetImportWorker1.log
-srvPort
50928
Successfully changed project path to: C:/work/x22n049/reseach/research/project/sotukenn
C:/work/x22n049/reseach/research/project/sotukenn
[UnityMemory] Configuration Parameters - Can be set up in boot.config
    "memorysetup-bucket-allocator-granularity=16"
    "memorysetup-bucket-allocator-bucket-count=8"
    "memorysetup-bucket-allocator-block-size=33554432"
    "memorysetup-bucket-allocator-block-count=8"
    "memorysetup-main-allocator-block-size=16777216"
    "memorysetup-thread-allocator-block-size=16777216"
    "memorysetup-gfx-main-allocator-block-size=16777216"
    "memorysetup-gfx-thread-allocator-block-size=16777216"
    "memorysetup-cache-allocator-block-size=4194304"
    "memorysetup-typetree-allocator-block-size=2097152"
    "memorysetup-profiler-bucket-allocator-granularity=16"
    "memorysetup-profiler-bucket-allocator-bucket-count=8"
    "memorysetup-profiler-bucket-allocator-block-size=33554432"
    "memorysetup-profiler-bucket-allocator-block-count=8"
    "memorysetup-profiler-allocator-block-size=16777216"
    "memorysetup-profiler-editor-allocator-block-size=1048576"
    "memorysetup-temp-allocator-size-main=16777216"
    "memorysetup-job-temp-allocator-block-size=2097152"
    "memorysetup-job-temp-allocator-block-size-background=1048576"
    "memorysetup-job-temp-allocator-reduction-small-platforms=262144"
    "memorysetup-temp-allocator-size-background-worker=32768"
    "memorysetup-temp-allocator-size-job-worker=262144"
    "memorysetup-temp-allocator-size-preload-manager=33554432"
    "memorysetup-temp-allocator-size-nav-mesh-worker=65536"
    "memorysetup-temp-allocator-size-audio-worker=65536"
    "memorysetup-temp-allocator-size-cloud-worker=32768"
    "memorysetup-temp-allocator-size-gi-baking-worker=262144"
    "memorysetup-temp-allocator-size-gfx=262144"
Player connection [4440] Host "[IP] 192.168.26.1 [Port] 0 [Flags] 2 [Guid] 286673272 [EditorId] 286673272 [Version] 1048832 [Id] WindowsEditor(7,PC5201N011) [Debug] 1 [PackageName] WindowsEditor [ProjectName] Editor" joined multi-casting on [225.0.0.222:54997]...

Player connection [4440] Host "[IP] 192.168.26.1 [Port] 0 [Flags] 2 [Guid] 286673272 [EditorId] 286673272 [Version] 1048832 [Id] WindowsEditor(7,PC5201N011) [Debug] 1 [PackageName] WindowsEditor [ProjectName] Editor" joined alternative multi-casting on [225.0.0.222:34997]...

Refreshing native plugins compatible for Editor in 217.41 ms, found 4 plugins.
Preloading 0 native plugins for Editor in 0.00 ms.
Initialize engine version: 2021.3.25f1 (68ef2c4f8861)
[Subsystems] Discovering subsystems at path C:/Program Files/Unity/Hub/Editor/2021.3.25f1/Editor/Data/Resources/UnitySubsystems
[Subsystems] Discovering subsystems at path C:/work/x22n049/reseach/research/project/sotukenn/Assets
GfxDevice: creating device client; threaded=0; jobified=0
Direct3D:
    Version:  Direct3D 11.0 [level 11.1]
    Renderer: Intel(R) HD Graphics 620 (ID=0x5916)
    Vendor:   Intel
    VRAM:     4029 MB
    Driver:   31.0.101.2111
Initialize mono
Mono path[0] = 'C:/Program Files/Unity/Hub/Editor/2021.3.25f1/Editor/Data/Managed'
Mono path[1] = 'C:/Program Files/Unity/Hub/Editor/2021.3.25f1/Editor/Data/MonoBleedingEdge/lib/mono/unityjit-win32'
Mono config path = 'C:/Program Files/Unity/Hub/Editor/2021.3.25f1/Editor/Data/MonoBleedingEdge/etc'
Using monoOptions --debugger-agent=transport=dt_socket,embedding=1,server=y,suspend=n,address=127.0.0.1:56756
Begin MonoManager ReloadAssembly
Registering precompiled unity dll's ...
Register platform support module: C:/Program Files/Unity/Hub/Editor/2021.3.25f1/Editor/Data/PlaybackEngines/WebGLSupport/UnityEditor.WebGL.Extensions.dll
Register platform support module: C:/Program Files/Unity/Hub/Editor/2021.3.25f1/Editor/Data/PlaybackEngines/WindowsStandaloneSupport/UnityEditor.WindowsStandalone.Extensions.dll
Registered in 0.007056 seconds.
Native extension for WindowsStandalone target not found
Native extension for WebGL target not found
Refreshing native plugins compatible for Editor in 153.57 ms, found 4 plugins.
Preloading 0 native plugins for Editor in 0.00 ms.
Mono: successfully reloaded assembly
- Completed reload, in  2.158 seconds
Domain Reload Profiling:
	ReloadAssembly (2159ms)
		BeginReloadAssembly (1155ms)
			ExecutionOrderSort (0ms)
			DisableScriptedObjects (0ms)
			BackupInstance (0ms)
			ReleaseScriptingObjects (0ms)
			CreateAndSetChildDomain (2ms)
		EndReloadAssembly (854ms)
			LoadAssemblies (1244ms)
			RebuildTransferFunctionScriptingTraits (0ms)
			SetupTypeCache (186ms)
			ReleaseScriptCaches (0ms)
			RebuildScriptCaches (50ms)
			SetupLoadedEditorAssemblies (438ms)
				LogAssemblyErrors (0ms)
				InitializePlatformSupportModulesInManaged (13ms)
				SetLoadedEditorAssemblies (0ms)
				RefreshPlugins (154ms)
				BeforeProcessingInitializeOnLoad (2ms)
				ProcessInitializeOnLoadAttributes (204ms)
				ProcessInitializeOnLoadMethodAttributes (65ms)
				AfterProcessingInitializeOnLoad (0ms)
				EditorAssembliesLoaded (0ms)
			ExecutionOrderSort2 (0ms)
			AwakeInstancesAfterBackupRestoration (0ms)
Platform modules already initialized, skipping
Registering precompiled user dll's ...
Registered in 0.009147 seconds.
Begin MonoManager ReloadAssembly
Symbol file LoadedFromMemory doesn't match image C:\work\x22n049\reseach\research\project\sotukenn\Library\PackageCache\com.unity.visualscripting@1.8.0\Editor\VisualScripting.Core\Dependencies\YamlDotNet\Unity.VisualScripting.YamlDotNet.dll
Symbol file LoadedFromMemory doesn't match image C:\work\x22n049\reseach\research\project\sotukenn\Library\PackageCache\com.unity.visualscripting@1.8.0\Editor\VisualScripting.Core\Dependencies\DotNetZip\Unity.VisualScripting.IonicZip.dll
Native extension for WindowsStandalone target not found
Native extension for WebGL target not found
Refreshing native plugins compatible for Editor in 147.96 ms, found 4 plugins.
Preloading 0 native plugins for Editor in 0.00 ms.
Mono: successfully reloaded assembly
- Completed reload, in  3.758 seconds
Domain Reload Profiling:
	ReloadAssembly (3760ms)
		BeginReloadAssembly (163ms)
			ExecutionOrderSort (0ms)
			DisableScriptedObjects (7ms)
			BackupInstance (0ms)
			ReleaseScriptingObjects (0ms)
			CreateAndSetChildDomain (28ms)
		EndReloadAssembly (3185ms)
			LoadAssemblies (2000ms)
			RebuildTransferFunctionScriptingTraits (0ms)
			SetupTypeCache (354ms)
			ReleaseScriptCaches (1ms)
			RebuildScriptCaches (79ms)
			SetupLoadedEditorAssemblies (689ms)
				LogAssemblyErrors (0ms)
				InitializePlatformSupportModulesInManaged (7ms)
				SetLoadedEditorAssemblies (0ms)
				RefreshPlugins (148ms)
				BeforeProcessingInitializeOnLoad (148ms)
				ProcessInitializeOnLoadAttributes (327ms)
				ProcessInitializeOnLoadMethodAttributes (51ms)
				AfterProcessingInitializeOnLoad (7ms)
				EditorAssembliesLoaded (0ms)
			ExecutionOrderSort2 (0ms)
			AwakeInstancesAfterBackupRestoration (9ms)
Platform modules already initialized, skipping
========================================================================
Worker process is ready to serve import requests
Launched and connected shader compiler UnityShaderCompiler.exe after 0.07 seconds
Refreshing native plugins compatible for Editor in 0.71 ms, found 4 plugins.
Preloading 0 native plugins for Editor in 0.00 ms.
Unloading 3732 Unused Serialized files (Serialized files now loaded: 0)
Unloading 35 unused Assets / (56.5 KB). Loaded Objects now: 4191.
Memory consumption went from 142.6 MB to 142.5 MB.
Total: 4.298400 ms (FindLiveObjects: 0.394200 ms CreateObjectMapping: 0.355400 ms MarkObjects: 3.448800 ms  DeleteObjects: 0.098900 ms)

AssetImportParameters requested are different than current active one (requested -> active):
  custom:video-decoder-ogg-theora: a1e56fd34408186e4bbccfd4996cb3dc -> 
  custom:container-muxer-webm: aa71ff27fc2769a1b78a27578f13a17b -> 
  custom:container-demuxer-webm: 4f35f7cbe854078d1ac9338744f61a02 -> 
  custom:video-encoder-webm-vp8: eb34c28f22e8b96e1ab97ce403110664 -> 
  custom:video-codec-MediaFoundation-h265: 746d11721c4dcdbdad8f713fa42b33f4 -> 
  custom:audio-encoder-webm-vorbis: bf7c407c2cedff20999df2af8eb42d56 -> 
  custom:framework-win-MediaFoundation: 216162199b28c13a410421893ffa2e32 -> 
  custom:container-demuxer-ogg: 62fdf1f143b41e24485cea50d1cbac27 -> 
  custom:video-decoder-webm-vp8: 9c59270c3fd7afecdb556c50c9e8de78 -> 
  custom:audio-decoder-ogg-vorbis: bf7c407c2cedff20999df2af8eb42d56 -> 
========================================================================
Received Import Request.
  Time since last request: 8546.576128 seconds.
  path: Assets/トイレ個室.prefab
  artifactKey: Guid(30daf0c414bd13b4a947eb7d90afa462) Importer(815301076,1909f56bfc062723c751e8b465ee728b)
Start importing Assets/トイレ個室.prefab using Guid(30daf0c414bd13b4a947eb7d90afa462) Importer(815301076,1909f56bfc062723c751e8b465ee728b)  -> (artifact id: 'e7e9001dfa9c4c0f3c12617437132de1') in 0.402170 seconds 
========================================================================
Received Import Request.
  Time since last request: 0.000055 seconds.
  path: Assets/school_basic_0.prefab
  artifactKey: Guid(fd5e03516eb43c041b553b729cae515e) Importer(815301076,1909f56bfc062723c751e8b465ee728b)
Start importing Assets/school_basic_0.prefab using Guid(fd5e03516eb43c041b553b729cae515e) Importer(815301076,1909f56bfc062723c751e8b465ee728b)  -> (artifact id: '276ebacab114599c5c7be3f0302144e3') in 0.124292 seconds 
========================================================================
Received Import Request.
  Time since last request: 0.000051 seconds.
  path: Assets/横向き椅子.prefab
  artifactKey: Guid(ce791bac0bdde1643b67765d564b3a18) Importer(815301076,1909f56bfc062723c751e8b465ee728b)
Start importing Assets/横向き椅子.prefab using Guid(ce791bac0bdde1643b67765d564b3a18) Importer(815301076,1909f56bfc062723c751e8b465ee728b)  -> (artifact id: 'c7ddf148e00879729c492cd7f9e42c7c') in 0.058745 seconds 
========================================================================
Received Import Request.
  Time since last request: 0.000045 seconds.
  path: Assets/机.prefab
  artifactKey: Guid(d7d9d0805c3d0fd488f6bf694981a256) Importer(815301076,1909f56bfc062723c751e8b465ee728b)
Start importing Assets/机.prefab using Guid(d7d9d0805c3d0fd488f6bf694981a256) Importer(815301076,1909f56bfc062723c751e8b465ee728b)  -> (artifact id: 'cd417e851198dd66d720f594c10d0eb1') in 0.055592 seconds 
========================================================================
Received Import Request.
  Time since last request: 0.000027 seconds.
  path: Assets/棚.prefab
  artifactKey: Guid(bd7d6930eaaa47f479a0395f71c8e0c4) Importer(815301076,1909f56bfc062723c751e8b465ee728b)
Start importing Assets/棚.prefab using Guid(bd7d6930eaaa47f479a0395f71c8e0c4) Importer(815301076,1909f56bfc062723c751e8b465ee728b)  -> (artifact id: '824f4d9fdc3f0f09a1a119f5bc4fafd6') in 0.062112 seconds 
========================================================================
Received Import Request.
  Time since last request: 0.000043 seconds.
  path: Assets/school_basic_166.prefab
  artifactKey: Guid(382c90877856bf649bd3b49029c966c7) Importer(815301076,1909f56bfc062723c751e8b465ee728b)
Start importing Assets/school_basic_166.prefab using Guid(382c90877856bf649bd3b49029c966c7) Importer(815301076,1909f56bfc062723c751e8b465ee728b)  -> (artifact id: '9d76ad238db1df27799e6274ee0b8903') in 0.049496 seconds 
========================================================================
Received Import Request.
  Time since last request: 0.000060 seconds.
  path: Assets/トイレ壁 3枚.prefab
  artifactKey: Guid(cac3e0c34266d724d8356f469d8fc55e) Importer(815301076,1909f56bfc062723c751e8b465ee728b)
Start importing Assets/トイレ壁 3枚.prefab using Guid(cac3e0c34266d724d8356f469d8fc55e) Importer(815301076,1909f56bfc062723c751e8b465ee728b)  -> (artifact id: '749d61759a038354748f05e51c1bd304') in 0.055216 seconds 
========================================================================
Received Import Request.
  Time since last request: 0.000023 seconds.
  path: Assets/トイレ壁.prefab
  artifactKey: Guid(4063784c23bfa71448f0883b01fc1171) Importer(815301076,1909f56bfc062723c751e8b465ee728b)
Start importing Assets/トイレ壁.prefab using Guid(4063784c23bfa71448f0883b01fc1171) Importer(815301076,1909f56bfc062723c751e8b465ee728b)  -> (artifact id: 'efc9de55583192126e077a619a61bfce') in 0.056209 seconds 
========================================================================
Received Import Request.
  Time since last request: 0.000034 seconds.
  path: Assets/横向き机.prefab
  artifactKey: Guid(4fd6266e351fdd8419a09cab3a4cb6fb) Importer(815301076,1909f56bfc062723c751e8b465ee728b)
Start importing Assets/横向き机.prefab using Guid(4fd6266e351fdd8419a09cab3a4cb6fb) Importer(815301076,1909f56bfc062723c751e8b465ee728b)  -> (artifact id: '6536f5bc76cc9e9bc91b159ee7e89ac9') in 0.051633 seconds 
========================================================================
Received Import Request.
  Time since last request: 0.000032 seconds.
  path: Assets/後ろ向き椅子.prefab
  artifactKey: Guid(a82d3f0f7cf5e874ab4f5b14dddbae84) Importer(815301076,1909f56bfc062723c751e8b465ee728b)
Start importing Assets/後ろ向き椅子.prefab using Guid(a82d3f0f7cf5e874ab4f5b14dddbae84) Importer(815301076,1909f56bfc062723c751e8b465ee728b)  -> (artifact id: 'e5f63df77ee46587fed3a9b50b540649') in 0.053457 seconds 
========================================================================
Received Import Request.
  Time since last request: 0.000062 seconds.
  path: Assets/4tairu 2.prefab
  artifactKey: Guid(e8cbd52b884c3424eabe081ea88ea0ae) Importer(815301076,1909f56bfc062723c751e8b465ee728b)
Start importing Assets/4tairu 2.prefab using Guid(e8cbd52b884c3424eabe081ea88ea0ae) Importer(815301076,1909f56bfc062723c751e8b465ee728b)  -> (artifact id: '298b4b2f249067b4f56d9405340a6076') in 0.055420 seconds 
========================================================================
Received Import Request.
  Time since last request: 0.000042 seconds.
  path: Assets/school_basic_39 (3).prefab
  artifactKey: Guid(09c20d962b029cd47adbff725513b449) Importer(815301076,1909f56bfc062723c751e8b465ee728b)
Start importing Assets/school_basic_39 (3).prefab using Guid(09c20d962b029cd47adbff725513b449) Importer(815301076,1909f56bfc062723c751e8b465ee728b)  -> (artifact id: '60860527da1c6488d73451a60413effb') in 0.060752 seconds 
========================================================================
Received Import Request.
  Time since last request: 0.000024 seconds.
  path: Assets/KABE .prefab
  artifactKey: Guid(fbdf12e3a4b43b84da9ab492a02bdc85) Importer(815301076,1909f56bfc062723c751e8b465ee728b)
Start importing Assets/KABE .prefab using Guid(fbdf12e3a4b43b84da9ab492a02bdc85) Importer(815301076,1909f56bfc062723c751e8b465ee728b)  -> (artifact id: 'f3140c83793ba0755c5b5c88f9f6eefd') in 0.086706 seconds 
========================================================================
Received Import Request.
  Time since last request: 555.137979 seconds.
  path: Packages/com.unity.2d.spriteshape/Editor/ObjectMenuCreation/DefaultAssets/Sprite Shapes/Closed Sprite Shape.prefab
  artifactKey: Guid(c0583b4e855c74b8c82e7b9b5efb5ce9) Importer(815301076,1909f56bfc062723c751e8b465ee728b)
Start importing Packages/com.unity.2d.spriteshape/Editor/ObjectMenuCreation/DefaultAssets/Sprite Shapes/Closed Sprite Shape.prefab using Guid(c0583b4e855c74b8c82e7b9b5efb5ce9) Importer(815301076,1909f56bfc062723c751e8b465ee728b)  -> (artifact id: 'ccd9a4071d35e6cf49a5374b84a9b03b') in 0.410637 seconds 
========================================================================
Received Import Request.
  Time since last request: 0.000033 seconds.
  path: Assets/Mono School/Resources/Prefab/机真ん中.prefab
  artifactKey: Guid(3129a31f77d359544a7ff6c0ac273351) Importer(815301076,1909f56bfc062723c751e8b465ee728b)
Start importing Assets/Mono School/Resources/Prefab/机真ん中.prefab using Guid(3129a31f77d359544a7ff6c0ac273351) Importer(815301076,1909f56bfc062723c751e8b465ee728b)  -> (artifact id: '89d13aaea44ce2f028c37a0171dfbc2e') in 0.047371 seconds 
========================================================================
Received Import Request.
  Time since last request: 0.000037 seconds.
  path: Assets/Mono School/Resources/Prefab/モニタ.prefab
  artifactKey: Guid(cc6572213ca5b744492370d3ba4e56d5) Importer(815301076,1909f56bfc062723c751e8b465ee728b)
Start importing Assets/Mono School/Resources/Prefab/モニタ.prefab using Guid(cc6572213ca5b744492370d3ba4e56d5) Importer(815301076,1909f56bfc062723c751e8b465ee728b)  -> (artifact id: '11f04214ca4590e529657dfb7d87d4b0') in 0.047824 seconds 
========================================================================
Received Import Request.
  Time since last request: 0.000038 seconds.
  path: Assets/Mono School/Resources/Prefab/本棚.prefab
  artifactKey: Guid(9199cb90ceb40db44bafa9631ae21cc1) Importer(815301076,1909f56bfc062723c751e8b465ee728b)
Start importing Assets/Mono School/Resources/Prefab/本棚.prefab using Guid(9199cb90ceb40db44bafa9631ae21cc1) Importer(815301076,1909f56bfc062723c751e8b465ee728b)  -> (artifact id: '996bcfc34da23fb597d44ef9bef21f84') in 0.032369 seconds 
========================================================================
Received Import Request.
  Time since last request: 0.000025 seconds.
  path: Packages/com.unity.2d.spriteshape/Editor/ObjectMenuCreation/DefaultAssets/Sprite Shapes/Open Sprite Shape.prefab
  artifactKey: Guid(86ae7de409eb54f619fb1328e4d42480) Importer(815301076,1909f56bfc062723c751e8b465ee728b)
Start importing Packages/com.unity.2d.spriteshape/Editor/ObjectMenuCreation/DefaultAssets/Sprite Shapes/Open Sprite Shape.prefab using Guid(86ae7de409eb54f619fb1328e4d42480) Importer(815301076,1909f56bfc062723c751e8b465ee728b)  -> (artifact id: '1dadb8dda36d2386281b40a84706ccc3') in 0.038153 seconds 
========================================================================
Received Import Request.
  Time since last request: 0.000049 seconds.
  path: Assets/Mono School/Resources/Prefab/机セット.prefab
  artifactKey: Guid(6e648d4dce5c36a44a886955aba62ee2) Importer(815301076,1909f56bfc062723c751e8b465ee728b)
Start importing Assets/Mono School/Resources/Prefab/机セット.prefab using Guid(6e648d4dce5c36a44a886955aba62ee2) Importer(815301076,1909f56bfc062723c751e8b465ee728b)  -> (artifact id: '3c4049eac209940a122389da95e32432') in 0.037214 seconds 
========================================================================
Received Import Request.
  Time since last request: 0.000051 seconds.
  path: Assets/Mono School/Resources/GameObject.prefab
  artifactKey: Guid(cfeaef55ddcdfde479dcccd5736afa7a) Importer(815301076,1909f56bfc062723c751e8b465ee728b)
Start importing Assets/Mono School/Resources/GameObject.prefab using Guid(cfeaef55ddcdfde479dcccd5736afa7a) Importer(815301076,1909f56bfc062723c751e8b465ee728b)  -> (artifact id: '2fc06c6184c0beb47db5e65e8720dbce') in 0.047430 seconds 
========================================================================
Received Import Request.
  Time since last request: 0.000033 seconds.
  path: Assets/Mono School/Resources/Prefab/PC.prefab
  artifactKey: Guid(2eb3fce66d27dbb408c66bc97c1d615e) Importer(815301076,1909f56bfc062723c751e8b465ee728b)
Start importing Assets/Mono School/Resources/Prefab/PC.prefab using Guid(2eb3fce66d27dbb408c66bc97c1d615e) Importer(815301076,1909f56bfc062723c751e8b465ee728b)  -> (artifact id: '83d1397dfd12a610a31adc5bec37bfaf') in 0.029217 seconds 
========================================================================
Received Import Request.
  Time since last request: 0.000030 seconds.
  path: Assets/Mono School/Resources/Prefab/椅子.prefab
  artifactKey: Guid(4ea7d77f17458f046a8099534142467c) Importer(815301076,1909f56bfc062723c751e8b465ee728b)
Start importing Assets/Mono School/Resources/Prefab/椅子.prefab using Guid(4ea7d77f17458f046a8099534142467c) Importer(815301076,1909f56bfc062723c751e8b465ee728b)  -> (artifact id: 'd211f2f2355b03264d25cab2293266c4') in 0.032729 seconds 
========================================================================
Received Import Request.
  Time since last request: 25.929716 seconds.
  path: Assets/gamemanager.cs
  artifactKey: Guid(2730bd57ad6aa244dbaed0f635437c94) Importer(815301076,1909f56bfc062723c751e8b465ee728b)
Start importing Assets/gamemanager.cs using Guid(2730bd57ad6aa244dbaed0f635437c94) Importer(815301076,1909f56bfc062723c751e8b465ee728b)  -> (artifact id: 'cea94908ee8e67857e82ad22e476947a') in 0.156664 seconds 
========================================================================
Received Prepare
Registering precompiled user dll's ...
Registered in 0.008940 seconds.
Begin MonoManager ReloadAssembly
Symbol file LoadedFromMemory doesn't match image C:\work\x22n049\reseach\research\project\sotukenn\Library\PackageCache\com.unity.visualscripting@1.8.0\Editor\VisualScripting.Core\Dependencies\YamlDotNet\Unity.VisualScripting.YamlDotNet.dll
Symbol file LoadedFromMemory doesn't match image C:\work\x22n049\reseach\research\project\sotukenn\Library\PackageCache\com.unity.visualscripting@1.8.0\Editor\VisualScripting.Core\Dependencies\DotNetZip\Unity.VisualScripting.IonicZip.dll
Native extension for WindowsStandalone target not found
Native extension for WebGL target not found
Refreshing native plugins compatible for Editor in 0.70 ms, found 4 plugins.
Preloading 0 native plugins for Editor in 0.00 ms.
Mono: successfully reloaded assembly
- Completed reload, in  1.448 seconds
Domain Reload Profiling:
	ReloadAssembly (1449ms)
		BeginReloadAssembly (250ms)
			ExecutionOrderSort (0ms)
			DisableScriptedObjects (10ms)
			BackupInstance (0ms)
			ReleaseScriptingObjects (0ms)
			CreateAndSetChildDomain (55ms)
		EndReloadAssembly (991ms)
			LoadAssemblies (182ms)
			RebuildTransferFunctionScriptingTraits (0ms)
			SetupTypeCache (336ms)
			ReleaseScriptCaches (2ms)
			RebuildScriptCaches (59ms)
			SetupLoadedEditorAssemblies (417ms)
				LogAssemblyErrors (0ms)
				InitializePlatformSupportModulesInManaged (9ms)
				SetLoadedEditorAssemblies (1ms)
				RefreshPlugins (1ms)
				BeforeProcessingInitializeOnLoad (88ms)
				ProcessInitializeOnLoadAttributes (263ms)
				ProcessInitializeOnLoadMethodAttributes (47ms)
				AfterProcessingInitializeOnLoad (7ms)
				EditorAssembliesLoaded (0ms)
			ExecutionOrderSort2 (0ms)
			AwakeInstancesAfterBackupRestoration (10ms)
Platform modules already initialized, skipping
Refreshing native plugins compatible for Editor in 2.83 ms, found 4 plugins.
Preloading 0 native plugins for Editor in 0.00 ms.
Unloading 3722 Unused Serialized files (Serialized files now loaded: 0)
Unloading 22 unused Assets / (24.6 KB). Loaded Objects now: 4203.
Memory consumption went from 146.0 MB to 146.0 MB.
Total: 5.471900 ms (FindLiveObjects: 0.535300 ms CreateObjectMapping: 0.412100 ms MarkObjects: 4.488600 ms  DeleteObjects: 0.034500 ms)

AssetImportParameters requested are different than current active one (requested -> active):
  custom:video-decoder-ogg-theora: a1e56fd34408186e4bbccfd4996cb3dc -> 
  custom:container-muxer-webm: aa71ff27fc2769a1b78a27578f13a17b -> 
  custom:container-demuxer-webm: 4f35f7cbe854078d1ac9338744f61a02 -> 
  custom:video-encoder-webm-vp8: eb34c28f22e8b96e1ab97ce403110664 -> 
  custom:video-codec-MediaFoundation-h265: 746d11721c4dcdbdad8f713fa42b33f4 -> 
  custom:audio-encoder-webm-vorbis: bf7c407c2cedff20999df2af8eb42d56 -> 
  custom:framework-win-MediaFoundation: 216162199b28c13a410421893ffa2e32 -> 
  custom:container-demuxer-ogg: 62fdf1f143b41e24485cea50d1cbac27 -> 
  custom:video-decoder-webm-vp8: 9c59270c3fd7afecdb556c50c9e8de78 -> 
  custom:audio-decoder-ogg-vorbis: bf7c407c2cedff20999df2af8eb42d56 -> 
========================================================================
Received Prepare
Registering precompiled user dll's ...
Registered in 0.010282 seconds.
Begin MonoManager ReloadAssembly
Symbol file LoadedFromMemory doesn't match image C:\work\x22n049\reseach\research\project\sotukenn\Library\PackageCache\com.unity.visualscripting@1.8.0\Editor\VisualScripting.Core\Dependencies\YamlDotNet\Unity.VisualScripting.YamlDotNet.dll
Symbol file LoadedFromMemory doesn't match image C:\work\x22n049\reseach\research\project\sotukenn\Library\PackageCache\com.unity.visualscripting@1.8.0\Editor\VisualScripting.Core\Dependencies\DotNetZip\Unity.VisualScripting.IonicZip.dll
Native extension for WindowsStandalone target not found
Native extension for WebGL target not found
Refreshing native plugins compatible for Editor in 0.71 ms, found 4 plugins.
Preloading 0 native plugins for Editor in 0.00 ms.
Mono: successfully reloaded assembly
- Completed reload, in  1.371 seconds
Domain Reload Profiling:
	ReloadAssembly (1372ms)
		BeginReloadAssembly (289ms)
			ExecutionOrderSort (0ms)
			DisableScriptedObjects (18ms)
			BackupInstance (0ms)
			ReleaseScriptingObjects (1ms)
			CreateAndSetChildDomain (70ms)
		EndReloadAssembly (952ms)
			LoadAssemblies (180ms)
			RebuildTransferFunctionScriptingTraits (0ms)
			SetupTypeCache (301ms)
			ReleaseScriptCaches (2ms)
			RebuildScriptCaches (71ms)
			SetupLoadedEditorAssemblies (409ms)
				LogAssemblyErrors (0ms)
				InitializePlatformSupportModulesInManaged (8ms)
				SetLoadedEditorAssemblies (1ms)
				RefreshPlugins (1ms)
				BeforeProcessingInitializeOnLoad (90ms)
				ProcessInitializeOnLoadAttributes (258ms)
				ProcessInitializeOnLoadMethodAttributes (44ms)
				AfterProcessingInitializeOnLoad (8ms)
				EditorAssembliesLoaded (0ms)
			ExecutionOrderSort2 (0ms)
			AwakeInstancesAfterBackupRestoration (10ms)
Platform modules already initialized, skipping
Refreshing native plugins compatible for Editor in 2.57 ms, found 4 plugins.
Preloading 0 native plugins for Editor in 0.00 ms.
Unloading 3721 Unused Serialized files (Serialized files now loaded: 0)
Unloading 23 unused Assets / (24.7 KB). Loaded Objects now: 4205.
Memory consumption went from 146.0 MB to 145.9 MB.
Total: 3.916200 ms (FindLiveObjects: 0.398500 ms CreateObjectMapping: 0.254700 ms MarkObjects: 3.224200 ms  DeleteObjects: 0.037200 ms)

AssetImportParameters requested are different than current active one (requested -> active):
  custom:video-decoder-ogg-theora: a1e56fd34408186e4bbccfd4996cb3dc -> 
  custom:container-muxer-webm: aa71ff27fc2769a1b78a27578f13a17b -> 
  custom:container-demuxer-webm: 4f35f7cbe854078d1ac9338744f61a02 -> 
  custom:video-encoder-webm-vp8: eb34c28f22e8b96e1ab97ce403110664 -> 
  custom:video-codec-MediaFoundation-h265: 746d11721c4dcdbdad8f713fa42b33f4 -> 
  custom:audio-encoder-webm-vorbis: bf7c407c2cedff20999df2af8eb42d56 -> 
  custom:framework-win-MediaFoundation: 216162199b28c13a410421893ffa2e32 -> 
  custom:container-demuxer-ogg: 62fdf1f143b41e24485cea50d1cbac27 -> 
  custom:video-decoder-webm-vp8: 9c59270c3fd7afecdb556c50c9e8de78 -> 
  custom:audio-decoder-ogg-vorbis: bf7c407c2cedff20999df2af8eb42d56 -> 
========================================================================
Received Import Request.
  Time since last request: 430.796162 seconds.
  path: Assets/GameManager.cs
  artifactKey: Guid(2730bd57ad6aa244dbaed0f635437c94) Importer(815301076,1909f56bfc062723c751e8b465ee728b)
Start importing Assets/GameManager.cs using Guid(2730bd57ad6aa244dbaed0f635437c94) Importer(815301076,1909f56bfc062723c751e8b465ee728b)  -> (artifact id: '584a0bdffb311bbea23d2eec505596ca') in 0.025707 seconds 
========================================================================
Received Prepare
Registering precompiled user dll's ...
Registered in 0.010496 seconds.
Begin MonoManager ReloadAssembly
Symbol file LoadedFromMemory doesn't match image C:\work\x22n049\reseach\research\project\sotukenn\Library\PackageCache\com.unity.visualscripting@1.8.0\Editor\VisualScripting.Core\Dependencies\YamlDotNet\Unity.VisualScripting.YamlDotNet.dll
Symbol file LoadedFromMemory doesn't match image C:\work\x22n049\reseach\research\project\sotukenn\Library\PackageCache\com.unity.visualscripting@1.8.0\Editor\VisualScripting.Core\Dependencies\DotNetZip\Unity.VisualScripting.IonicZip.dll
Native extension for WindowsStandalone target not found
Native extension for WebGL target not found
Refreshing native plugins compatible for Editor in 1.00 ms, found 4 plugins.
Preloading 0 native plugins for Editor in 0.00 ms.
Mono: successfully reloaded assembly
- Completed reload, in  1.376 seconds
Domain Reload Profiling:
	ReloadAssembly (1377ms)
		BeginReloadAssembly (243ms)
			ExecutionOrderSort (0ms)
			DisableScriptedObjects (11ms)
			BackupInstance (0ms)
			ReleaseScriptingObjects (0ms)
			CreateAndSetChildDomain (61ms)
		EndReloadAssembly (963ms)
			LoadAssemblies (167ms)
			RebuildTransferFunctionScriptingTraits (0ms)
			SetupTypeCache (317ms)
			ReleaseScriptCaches (2ms)
			RebuildScriptCaches (61ms)
			SetupLoadedEditorAssemblies (410ms)
				LogAssemblyErrors (0ms)
				InitializePlatformSupportModulesInManaged (8ms)
				SetLoadedEditorAssemblies (1ms)
				RefreshPlugins (1ms)
				BeforeProcessingInitializeOnLoad (86ms)
				ProcessInitializeOnLoadAttributes (254ms)
				ProcessInitializeOnLoadMethodAttributes (50ms)
				AfterProcessingInitializeOnLoad (10ms)
				EditorAssembliesLoaded (0ms)
			ExecutionOrderSort2 (0ms)
			AwakeInstancesAfterBackupRestoration (12ms)
Platform modules already initialized, skipping
Refreshing native plugins compatible for Editor in 2.49 ms, found 4 plugins.
Preloading 0 native plugins for Editor in 0.00 ms.
Unloading 3722 Unused Serialized files (Serialized files now loaded: 0)
Unloading 22 unused Assets / (24.7 KB). Loaded Objects now: 4209.
Memory consumption went from 146.0 MB to 146.0 MB.
Total: 4.511500 ms (FindLiveObjects: 0.351200 ms CreateObjectMapping: 0.277100 ms MarkObjects: 3.844100 ms  DeleteObjects: 0.037700 ms)

AssetImportParameters requested are different than current active one (requested -> active):
  custom:video-decoder-ogg-theora: a1e56fd34408186e4bbccfd4996cb3dc -> 
  custom:container-muxer-webm: aa71ff27fc2769a1b78a27578f13a17b -> 
  custom:container-demuxer-webm: 4f35f7cbe854078d1ac9338744f61a02 -> 
  custom:video-encoder-webm-vp8: eb34c28f22e8b96e1ab97ce403110664 -> 
  custom:video-codec-MediaFoundation-h265: 746d11721c4dcdbdad8f713fa42b33f4 -> 
  custom:audio-encoder-webm-vorbis: bf7c407c2cedff20999df2af8eb42d56 -> 
  custom:framework-win-MediaFoundation: 216162199b28c13a410421893ffa2e32 -> 
  custom:container-demuxer-ogg: 62fdf1f143b41e24485cea50d1cbac27 -> 
  custom:video-decoder-webm-vp8: 9c59270c3fd7afecdb556c50c9e8de78 -> 
  custom:audio-decoder-ogg-vorbis: bf7c407c2cedff20999df2af8eb42d56 -> 
========================================================================
Received Prepare
Registering precompiled user dll's ...
Registered in 0.011508 seconds.
Begin MonoManager ReloadAssembly
Symbol file LoadedFromMemory doesn't match image C:\work\x22n049\reseach\research\project\sotukenn\Library\PackageCache\com.unity.visualscripting@1.8.0\Editor\VisualScripting.Core\Dependencies\YamlDotNet\Unity.VisualScripting.YamlDotNet.dll
Symbol file LoadedFromMemory doesn't match image C:\work\x22n049\reseach\research\project\sotukenn\Library\PackageCache\com.unity.visualscripting@1.8.0\Editor\VisualScripting.Core\Dependencies\DotNetZip\Unity.VisualScripting.IonicZip.dll
Native extension for WindowsStandalone target not found
Native extension for WebGL target not found
Refreshing native plugins compatible for Editor in 0.77 ms, found 4 plugins.
Preloading 0 native plugins for Editor in 0.00 ms.
Mono: successfully reloaded assembly
- Completed reload, in  1.746 seconds
Domain Reload Profiling:
	ReloadAssembly (1747ms)
		BeginReloadAssembly (272ms)
			ExecutionOrderSort (0ms)
			DisableScriptedObjects (12ms)
			BackupInstance (0ms)
			ReleaseScriptingObjects (0ms)
			CreateAndSetChildDomain (60ms)
		EndReloadAssembly (963ms)
			LoadAssemblies (191ms)
			RebuildTransferFunctionScriptingTraits (0ms)
			SetupTypeCache (322ms)
			ReleaseScriptCaches (2ms)
			RebuildScriptCaches (63ms)
			SetupLoadedEditorAssemblies (408ms)
				LogAssemblyErrors (0ms)
				InitializePlatformSupportModulesInManaged (8ms)
				SetLoadedEditorAssemblies (1ms)
				RefreshPlugins (1ms)
				BeforeProcessingInitializeOnLoad (90ms)
				ProcessInitializeOnLoadAttributes (254ms)
				ProcessInitializeOnLoadMethodAttributes (48ms)
				AfterProcessingInitializeOnLoad (7ms)
				EditorAssembliesLoaded (0ms)
			ExecutionOrderSort2 (0ms)
			AwakeInstancesAfterBackupRestoration (10ms)
Platform modules already initialized, skipping
Refreshing native plugins compatible for Editor in 2.97 ms, found 4 plugins.
Preloading 0 native plugins for Editor in 0.00 ms.
Unloading 3722 Unused Serialized files (Serialized files now loaded: 0)
Unloading 22 unused Assets / (24.7 KB). Loaded Objects now: 4212.
Memory consumption went from 146.0 MB to 146.0 MB.
Total: 4.385700 ms (FindLiveObjects: 0.444500 ms CreateObjectMapping: 0.344800 ms MarkObjects: 3.555900 ms  DeleteObjects: 0.038800 ms)

AssetImportParameters requested are different than current active one (requested -> active):
  custom:video-decoder-ogg-theora: a1e56fd34408186e4bbccfd4996cb3dc -> 
  custom:container-muxer-webm: aa71ff27fc2769a1b78a27578f13a17b -> 
  custom:container-demuxer-webm: 4f35f7cbe854078d1ac9338744f61a02 -> 
  custom:video-encoder-webm-vp8: eb34c28f22e8b96e1ab97ce403110664 -> 
  custom:video-codec-MediaFoundation-h265: 746d11721c4dcdbdad8f713fa42b33f4 -> 
  custom:audio-encoder-webm-vorbis: bf7c407c2cedff20999df2af8eb42d56 -> 
  custom:framework-win-MediaFoundation: 216162199b28c13a410421893ffa2e32 -> 
  custom:container-demuxer-ogg: 62fdf1f143b41e24485cea50d1cbac27 -> 
  custom:video-decoder-webm-vp8: 9c59270c3fd7afecdb556c50c9e8de78 -> 
  custom:audio-decoder-ogg-vorbis: bf7c407c2cedff20999df2af8eb42d56 -> 
