Using pre-set license
Built from '2021.3/staging' branch; Version is '2021.3.25f1 (68ef2c4f8861) revision 6876972'; Using compiler version '192829333'; Build Type 'Release'
OS: 'Windows 11  (10.0.22621) 64bit Professional' Language: 'ja' Physical Memory: 8058 MB
BatchMode: 1, IsHumanControllingUs: 0, StartBugReporterOnCrash: 0, Is64bit: 1, IsPro: 1

COMMAND LINE ARGUMENTS:
C:\Program Files\Unity\Hub\Editor\2021.3.25f1\Editor\Unity.exe
-adb2
-batchMode
-noUpm
-name
AssetImportWorker0
-projectPath
C:/work/x22n049/reseach/research/project/sotukenn
-logFile
Logs/AssetImportWorker0.log
-srvPort
51551
Successfully changed project path to: C:/work/x22n049/reseach/research/project/sotukenn
C:/work/x22n049/reseach/research/project/sotukenn
[UnityMemory] Configuration Parameters - Can be set up in boot.config
    "memorysetup-bucket-allocator-granularity=16"
    "memorysetup-bucket-allocator-bucket-count=8"
    "memorysetup-bucket-allocator-block-size=33554432"
    "memorysetup-bucket-allocator-block-count=8"
    "memorysetup-main-allocator-block-size=16777216"
    "memorysetup-thread-allocator-block-size=16777216"
    "memorysetup-gfx-main-allocator-block-size=16777216"
    "memorysetup-gfx-thread-allocator-block-size=16777216"
    "memorysetup-cache-allocator-block-size=4194304"
    "memorysetup-typetree-allocator-block-size=2097152"
    "memorysetup-profiler-bucket-allocator-granularity=16"
    "memorysetup-profiler-bucket-allocator-bucket-count=8"
    "memorysetup-profiler-bucket-allocator-block-size=33554432"
    "memorysetup-profiler-bucket-allocator-block-count=8"
    "memorysetup-profiler-allocator-block-size=16777216"
    "memorysetup-profiler-editor-allocator-block-size=1048576"
    "memorysetup-temp-allocator-size-main=16777216"
    "memorysetup-job-temp-allocator-block-size=2097152"
    "memorysetup-job-temp-allocator-block-size-background=1048576"
    "memorysetup-job-temp-allocator-reduction-small-platforms=262144"
    "memorysetup-temp-allocator-size-background-worker=32768"
    "memorysetup-temp-allocator-size-job-worker=262144"
    "memorysetup-temp-allocator-size-preload-manager=33554432"
    "memorysetup-temp-allocator-size-nav-mesh-worker=65536"
    "memorysetup-temp-allocator-size-audio-worker=65536"
    "memorysetup-temp-allocator-size-cloud-worker=32768"
    "memorysetup-temp-allocator-size-gi-baking-worker=262144"
    "memorysetup-temp-allocator-size-gfx=262144"
Player connection [11272] Host "[IP] 192.168.26.1 [Port] 0 [Flags] 2 [Guid] 1468334247 [EditorId] 1468334247 [Version] 1048832 [Id] WindowsEditor(7,PC5201N011) [Debug] 1 [PackageName] WindowsEditor [ProjectName] Editor" joined multi-casting on [225.0.0.222:54997]...

Player connection [11272] Host "[IP] 192.168.26.1 [Port] 0 [Flags] 2 [Guid] 1468334247 [EditorId] 1468334247 [Version] 1048832 [Id] WindowsEditor(7,PC5201N011) [Debug] 1 [PackageName] WindowsEditor [ProjectName] Editor" joined alternative multi-casting on [225.0.0.222:34997]...

Refreshing native plugins compatible for Editor in 112.35 ms, found 4 plugins.
Preloading 0 native plugins for Editor in 0.00 ms.
Initialize engine version: 2021.3.25f1 (68ef2c4f8861)
[Subsystems] Discovering subsystems at path C:/Program Files/Unity/Hub/Editor/2021.3.25f1/Editor/Data/Resources/UnitySubsystems
[Subsystems] Discovering subsystems at path C:/work/x22n049/reseach/research/project/sotukenn/Assets
GfxDevice: creating device client; threaded=0; jobified=0
Direct3D:
    Version:  Direct3D 11.0 [level 11.1]
    Renderer: Intel(R) HD Graphics 620 (ID=0x5916)
    Vendor:   Intel
    VRAM:     4029 MB
    Driver:   31.0.101.2111
Initialize mono
Mono path[0] = 'C:/Program Files/Unity/Hub/Editor/2021.3.25f1/Editor/Data/Managed'
Mono path[1] = 'C:/Program Files/Unity/Hub/Editor/2021.3.25f1/Editor/Data/MonoBleedingEdge/lib/mono/unityjit-win32'
Mono config path = 'C:/Program Files/Unity/Hub/Editor/2021.3.25f1/Editor/Data/MonoBleedingEdge/etc'
Using monoOptions --debugger-agent=transport=dt_socket,embedding=1,server=y,suspend=n,address=127.0.0.1:56304
Begin MonoManager ReloadAssembly
Registering precompiled unity dll's ...
Register platform support module: C:/Program Files/Unity/Hub/Editor/2021.3.25f1/Editor/Data/PlaybackEngines/WebGLSupport/UnityEditor.WebGL.Extensions.dll
Register platform support module: C:/Program Files/Unity/Hub/Editor/2021.3.25f1/Editor/Data/PlaybackEngines/WindowsStandaloneSupport/UnityEditor.WindowsStandalone.Extensions.dll
Registered in 0.006327 seconds.
Native extension for WindowsStandalone target not found
Native extension for WebGL target not found
Refreshing native plugins compatible for Editor in 115.89 ms, found 4 plugins.
Preloading 0 native plugins for Editor in 0.00 ms.
Mono: successfully reloaded assembly
- Completed reload, in  0.917 seconds
Domain Reload Profiling:
	ReloadAssembly (918ms)
		BeginReloadAssembly (121ms)
			ExecutionOrderSort (0ms)
			DisableScriptedObjects (0ms)
			BackupInstance (0ms)
			ReleaseScriptingObjects (0ms)
			CreateAndSetChildDomain (1ms)
		EndReloadAssembly (663ms)
			LoadAssemblies (118ms)
			RebuildTransferFunctionScriptingTraits (0ms)
			SetupTypeCache (152ms)
			ReleaseScriptCaches (0ms)
			RebuildScriptCaches (57ms)
			SetupLoadedEditorAssemblies (363ms)
				LogAssemblyErrors (0ms)
				InitializePlatformSupportModulesInManaged (12ms)
				SetLoadedEditorAssemblies (0ms)
				RefreshPlugins (116ms)
				BeforeProcessingInitializeOnLoad (2ms)
				ProcessInitializeOnLoadAttributes (172ms)
				ProcessInitializeOnLoadMethodAttributes (62ms)
				AfterProcessingInitializeOnLoad (0ms)
				EditorAssembliesLoaded (0ms)
			ExecutionOrderSort2 (0ms)
			AwakeInstancesAfterBackupRestoration (0ms)
Platform modules already initialized, skipping
Registering precompiled user dll's ...
Registered in 0.008881 seconds.
Begin MonoManager ReloadAssembly
Symbol file LoadedFromMemory doesn't match image C:\work\x22n049\reseach\research\project\sotukenn\Library\PackageCache\com.unity.visualscripting@1.8.0\Editor\VisualScripting.Core\Dependencies\YamlDotNet\Unity.VisualScripting.YamlDotNet.dll
Symbol file LoadedFromMemory doesn't match image C:\work\x22n049\reseach\research\project\sotukenn\Library\PackageCache\com.unity.visualscripting@1.8.0\Editor\VisualScripting.Core\Dependencies\DotNetZip\Unity.VisualScripting.IonicZip.dll
Native extension for WindowsStandalone target not found
Native extension for WebGL target not found
Refreshing native plugins compatible for Editor in 105.88 ms, found 4 plugins.
Preloading 0 native plugins for Editor in 0.00 ms.
Mono: successfully reloaded assembly
- Completed reload, in  1.547 seconds
Domain Reload Profiling:
	ReloadAssembly (1548ms)
		BeginReloadAssembly (180ms)
			ExecutionOrderSort (0ms)
			DisableScriptedObjects (8ms)
			BackupInstance (0ms)
			ReleaseScriptingObjects (0ms)
			CreateAndSetChildDomain (28ms)
		EndReloadAssembly (1226ms)
			LoadAssemblies (126ms)
			RebuildTransferFunctionScriptingTraits (0ms)
			SetupTypeCache (362ms)
			ReleaseScriptCaches (1ms)
			RebuildScriptCaches (81ms)
			SetupLoadedEditorAssemblies (608ms)
				LogAssemblyErrors (0ms)
				InitializePlatformSupportModulesInManaged (8ms)
				SetLoadedEditorAssemblies (0ms)
				RefreshPlugins (106ms)
				BeforeProcessingInitializeOnLoad (117ms)
				ProcessInitializeOnLoadAttributes (317ms)
				ProcessInitializeOnLoadMethodAttributes (52ms)
				AfterProcessingInitializeOnLoad (7ms)
				EditorAssembliesLoaded (0ms)
			ExecutionOrderSort2 (0ms)
			AwakeInstancesAfterBackupRestoration (10ms)
Platform modules already initialized, skipping
========================================================================
Worker process is ready to serve import requests
Launched and connected shader compiler UnityShaderCompiler.exe after 0.17 seconds
Refreshing native plugins compatible for Editor in 0.84 ms, found 4 plugins.
Preloading 0 native plugins for Editor in 0.00 ms.
Unloading 3732 Unused Serialized files (Serialized files now loaded: 0)
Unloading 35 unused Assets / (56.5 KB). Loaded Objects now: 4191.
Memory consumption went from 142.5 MB to 142.5 MB.
Total: 4.137900 ms (FindLiveObjects: 0.389600 ms CreateObjectMapping: 0.377900 ms MarkObjects: 3.272800 ms  DeleteObjects: 0.096200 ms)

AssetImportParameters requested are different than current active one (requested -> active):
  custom:video-decoder-ogg-theora: a1e56fd34408186e4bbccfd4996cb3dc -> 
  custom:container-muxer-webm: aa71ff27fc2769a1b78a27578f13a17b -> 
  custom:container-demuxer-webm: 4f35f7cbe854078d1ac9338744f61a02 -> 
  custom:video-encoder-webm-vp8: eb34c28f22e8b96e1ab97ce403110664 -> 
  custom:video-codec-MediaFoundation-h265: 746d11721c4dcdbdad8f713fa42b33f4 -> 
  custom:audio-encoder-webm-vorbis: bf7c407c2cedff20999df2af8eb42d56 -> 
  custom:framework-win-MediaFoundation: 216162199b28c13a410421893ffa2e32 -> 
  custom:container-demuxer-ogg: 62fdf1f143b41e24485cea50d1cbac27 -> 
  custom:video-decoder-webm-vp8: 9c59270c3fd7afecdb556c50c9e8de78 -> 
  custom:audio-decoder-ogg-vorbis: bf7c407c2cedff20999df2af8eb42d56 -> 
========================================================================
Received Import Request.
  Time since last request: 8960.071546 seconds.
  path: Packages/com.unity.2d.animation/Editor/Assets/Icons/Dark
  artifactKey: Guid(29376bbf08d892f46b253107863393d6) Importer(815301076,1909f56bfc062723c751e8b465ee728b)
Start importing Packages/com.unity.2d.animation/Editor/Assets/Icons/Dark using Guid(29376bbf08d892f46b253107863393d6) Importer(815301076,1909f56bfc062723c751e8b465ee728b)  -> (artifact id: 'df111a39d0edaa97125ffd04cf269ebc') in 0.044223 seconds 
========================================================================
Received Import Request.
  Time since last request: 0.000036 seconds.
  path: Packages/com.unity.2d.animation/Editor
  artifactKey: Guid(164d22a8da00e422a93e091c7bd338df) Importer(815301076,1909f56bfc062723c751e8b465ee728b)
Start importing Packages/com.unity.2d.animation/Editor using Guid(164d22a8da00e422a93e091c7bd338df) Importer(815301076,1909f56bfc062723c751e8b465ee728b)  -> (artifact id: 'bf7f3161d57ca465032ec62c64308612') in 0.025510 seconds 
========================================================================
Received Import Request.
  Time since last request: 0.000031 seconds.
  path: Packages/com.unity.2d.animation/Editor/Assets
  artifactKey: Guid(4cdf803ccba4203428cf760a394d701f) Importer(815301076,1909f56bfc062723c751e8b465ee728b)
Start importing Packages/com.unity.2d.animation/Editor/Assets using Guid(4cdf803ccba4203428cf760a394d701f) Importer(815301076,1909f56bfc062723c751e8b465ee728b)  -> (artifact id: '8ca4acc5722594ceebb9cf2511ad0c42') in 0.020444 seconds 
========================================================================
Received Import Request.
  Time since last request: 0.000035 seconds.
  path: Packages/com.unity.2d.animation/Editor/Unity.2D.Animation.Editor.asmdef
  artifactKey: Guid(7e93558c536f24149a3181fbe0a14523) Importer(815301076,1909f56bfc062723c751e8b465ee728b)
Start importing Packages/com.unity.2d.animation/Editor/Unity.2D.Animation.Editor.asmdef using Guid(7e93558c536f24149a3181fbe0a14523) Importer(815301076,1909f56bfc062723c751e8b465ee728b)  -> (artifact id: '412de5316a9f9ca0b2eef2533028290c') in 0.088936 seconds 
========================================================================
Received Import Request.
  Time since last request: 0.000128 seconds.
  path: Packages/com.unity.2d.animation/Editor/Assets/Icons/Dark/d_Sprite Library@2x.png
  artifactKey: Guid(286d9cb65d1c6ac4f93737bd25ac22b2) Importer(815301076,1909f56bfc062723c751e8b465ee728b)
Start importing Packages/com.unity.2d.animation/Editor/Assets/Icons/Dark/d_Sprite Library@2x.png using Guid(286d9cb65d1c6ac4f93737bd25ac22b2) Importer(815301076,1909f56bfc062723c751e8b465ee728b)  -> (artifact id: '383b71eadd38870a5afd87a7481908a7') in 0.548601 seconds 
========================================================================
Received Import Request.
  Time since last request: 0.000040 seconds.
  path: Packages/com.unity.2d.animation/Editor/Assets/Icons
  artifactKey: Guid(e9a88e2b75410bc4a820dfe3cf86a25d) Importer(815301076,1909f56bfc062723c751e8b465ee728b)
Start importing Packages/com.unity.2d.animation/Editor/Assets/Icons using Guid(e9a88e2b75410bc4a820dfe3cf86a25d) Importer(815301076,1909f56bfc062723c751e8b465ee728b)  -> (artifact id: '18881afc5543fd8caa0c0fe5847b9767') in 0.045079 seconds 
========================================================================
Received Import Request.
  Time since last request: 0.000074 seconds.
  path: Packages/com.unity.2d.animation/Editor/Assets/Icons/Dark/d_Sprite Resolver@8x.png
  artifactKey: Guid(fe71fcdfcbfcbda4f901f3a3e5f3075e) Importer(815301076,1909f56bfc062723c751e8b465ee728b)
Start importing Packages/com.unity.2d.animation/Editor/Assets/Icons/Dark/d_Sprite Resolver@8x.png using Guid(fe71fcdfcbfcbda4f901f3a3e5f3075e) Importer(815301076,1909f56bfc062723c751e8b465ee728b)  -> (artifact id: '139cee899748fbc0a937c552ef4dbb37') in 0.047669 seconds 
========================================================================
Received Import Request.
  Time since last request: 0.000028 seconds.
  path: Packages/com.unity.2d.animation/Editor/Assets/Icons/Dark/d_Sprite Resolver@16x.png
  artifactKey: Guid(aa3d749e08f033a47b14aed3e77eff53) Importer(815301076,1909f56bfc062723c751e8b465ee728b)
Start importing Packages/com.unity.2d.animation/Editor/Assets/Icons/Dark/d_Sprite Resolver@16x.png using Guid(aa3d749e08f033a47b14aed3e77eff53) Importer(815301076,1909f56bfc062723c751e8b465ee728b)  -> (artifact id: '23cffa03b4a58563501f0af6dc92b3d1') in 0.049094 seconds 
========================================================================
Received Import Request.
  Time since last request: 0.000103 seconds.
  path: Packages/com.unity.2d.animation/Editor/Assets/Icons/Dark/d_Sprite Library@4x.png
  artifactKey: Guid(febce835e6102a04eb904e6396eebec4) Importer(815301076,1909f56bfc062723c751e8b465ee728b)
Start importing Packages/com.unity.2d.animation/Editor/Assets/Icons/Dark/d_Sprite Library@4x.png using Guid(febce835e6102a04eb904e6396eebec4) Importer(815301076,1909f56bfc062723c751e8b465ee728b)  -> (artifact id: '90635fe0d03813075cc53cdb5110f11a') in 0.043564 seconds 
========================================================================
Received Import Request.
  Time since last request: 0.000022 seconds.
  path: Packages/com.unity.2d.animation/Editor/Assets/Icons/Dark/d_Sprite Resolver@4x.png
  artifactKey: Guid(9356ffd19a4b4964fa58567286d7ff01) Importer(815301076,1909f56bfc062723c751e8b465ee728b)
Start importing Packages/com.unity.2d.animation/Editor/Assets/Icons/Dark/d_Sprite Resolver@4x.png using Guid(9356ffd19a4b4964fa58567286d7ff01) Importer(815301076,1909f56bfc062723c751e8b465ee728b)  -> (artifact id: '84db8638b9af02c741d1b1d83546a17d') in 0.050442 seconds 
========================================================================
Received Import Request.
  Time since last request: 0.000035 seconds.
  path: Packages/com.unity.2d.animation/Editor/Assets/Icons/Dark/d_Sprite Library@16x.png
  artifactKey: Guid(e8a7461f5846e4a49815efe7dcfe7ece) Importer(815301076,1909f56bfc062723c751e8b465ee728b)
Start importing Packages/com.unity.2d.animation/Editor/Assets/Icons/Dark/d_Sprite Library@16x.png using Guid(e8a7461f5846e4a49815efe7dcfe7ece) Importer(815301076,1909f56bfc062723c751e8b465ee728b)  -> (artifact id: '86012bb02532eb35fb83b72e1fce8094') in 0.092372 seconds 
========================================================================
Received Import Request.
  Time since last request: 0.000036 seconds.
  path: Packages/com.unity.2d.animation/Editor/Assets/Icons/Dark/d_Sprite Resolver@2x.png
  artifactKey: Guid(ddf178be529e4c44dbc4457f2d1ba807) Importer(815301076,1909f56bfc062723c751e8b465ee728b)
Start importing Packages/com.unity.2d.animation/Editor/Assets/Icons/Dark/d_Sprite Resolver@2x.png using Guid(ddf178be529e4c44dbc4457f2d1ba807) Importer(815301076,1909f56bfc062723c751e8b465ee728b)  -> (artifact id: '91ded465bcbed40d25dbec5086b93fdc') in 0.049257 seconds 
========================================================================
Received Import Request.
  Time since last request: 0.000031 seconds.
  path: Packages/com.unity.2d.animation/package.json
  artifactKey: Guid(9e83c20a8293f44ec8a375d3805f477d) Importer(815301076,1909f56bfc062723c751e8b465ee728b)
Start importing Packages/com.unity.2d.animation/package.json using Guid(9e83c20a8293f44ec8a375d3805f477d) Importer(815301076,1909f56bfc062723c751e8b465ee728b)  -> (artifact id: 'f46e43e1cd4e0f830696ba0d47555e62') in 0.117254 seconds 
========================================================================
Received Import Request.
  Time since last request: 0.000026 seconds.
  path: Packages/com.unity.2d.animation/Editor/Assets/Icons/Dark/d_Sprite Library.png
  artifactKey: Guid(7afac7287fbef4e4eb1ba5d37fb251b1) Importer(815301076,1909f56bfc062723c751e8b465ee728b)
Start importing Packages/com.unity.2d.animation/Editor/Assets/Icons/Dark/d_Sprite Library.png using Guid(7afac7287fbef4e4eb1ba5d37fb251b1) Importer(815301076,1909f56bfc062723c751e8b465ee728b)  -> (artifact id: 'b916ab172ab462509a6fd05650fc9366') in 0.034611 seconds 
========================================================================
Received Import Request.
  Time since last request: 0.000078 seconds.
  path: Packages/com.unity.2d.animation/Editor/Assets/Icons/Dark/d_Sprite Resolver.png
  artifactKey: Guid(b8dea9973ac769c4f8e8d1a29320f732) Importer(815301076,1909f56bfc062723c751e8b465ee728b)
Start importing Packages/com.unity.2d.animation/Editor/Assets/Icons/Dark/d_Sprite Resolver.png using Guid(b8dea9973ac769c4f8e8d1a29320f732) Importer(815301076,1909f56bfc062723c751e8b465ee728b)  -> (artifact id: 'f600e54cf213a1343ae0324eab31b1bc') in 0.056775 seconds 
========================================================================
Received Import Request.
  Time since last request: 0.000073 seconds.
  path: Packages/com.unity.2d.animation/Editor/Assets/Icons/Dark/d_Sprite Library@8x.png
  artifactKey: Guid(ca39c184f70a1a74ea63d0d32e9e79d7) Importer(815301076,1909f56bfc062723c751e8b465ee728b)
Start importing Packages/com.unity.2d.animation/Editor/Assets/Icons/Dark/d_Sprite Library@8x.png using Guid(ca39c184f70a1a74ea63d0d32e9e79d7) Importer(815301076,1909f56bfc062723c751e8b465ee728b)  -> (artifact id: '22338564fc04d14945525fdec93f6d37') in 0.047974 seconds 
========================================================================
Received Import Request.
  Time since last request: 6.033266 seconds.
  path: Assets/Mono School
  artifactKey: Guid(6f857f9e94e67ce4c9712aa7216ece32) Importer(815301076,1909f56bfc062723c751e8b465ee728b)
Start importing Assets/Mono School using Guid(6f857f9e94e67ce4c9712aa7216ece32) Importer(815301076,1909f56bfc062723c751e8b465ee728b)  -> (artifact id: 'bf56b723e031432749101a1f35208d42') in 0.007494 seconds 
========================================================================
Received Import Request.
  Time since last request: 0.743844 seconds.
  path: Assets/Mono School/Resources
  artifactKey: Guid(62696904d696c0749b1e4701a12a3c50) Importer(815301076,1909f56bfc062723c751e8b465ee728b)
Start importing Assets/Mono School/Resources using Guid(62696904d696c0749b1e4701a12a3c50) Importer(815301076,1909f56bfc062723c751e8b465ee728b)  -> (artifact id: '3522c500d8fd6e9476e408da9c399643') in 0.016413 seconds 
========================================================================
Received Import Request.
  Time since last request: 0.542462 seconds.
  path: Assets/Mono School/Resources/Character
  artifactKey: Guid(8513e629919582d4ca4b0b8d7f300bb8) Importer(815301076,1909f56bfc062723c751e8b465ee728b)
Start importing Assets/Mono School/Resources/Character using Guid(8513e629919582d4ca4b0b8d7f300bb8) Importer(815301076,1909f56bfc062723c751e8b465ee728b)  -> (artifact id: 'ffb97b35a9b5c8292eafe90f5bdd368a') in 0.016592 seconds 
========================================================================
Received Import Request.
  Time since last request: 0.109167 seconds.
  path: Assets/Mono School/Resources/Character/student1.png
  artifactKey: Guid(bd70567365276a64db7e63b233230b99) Importer(815301076,1909f56bfc062723c751e8b465ee728b)
Start importing Assets/Mono School/Resources/Character/student1.png using Guid(bd70567365276a64db7e63b233230b99) Importer(815301076,1909f56bfc062723c751e8b465ee728b)  -> (artifact id: '32a84df09abeba42e260c0001dfbf9ce') in 0.217031 seconds 
========================================================================
Received Import Request.
  Time since last request: 0.000043 seconds.
  path: Assets/Mono School/Resources/Character/student1_shirt.png
  artifactKey: Guid(2cc9302adc42300419bef6461cc0e9f1) Importer(815301076,1909f56bfc062723c751e8b465ee728b)
Start importing Assets/Mono School/Resources/Character/student1_shirt.png using Guid(2cc9302adc42300419bef6461cc0e9f1) Importer(815301076,1909f56bfc062723c751e8b465ee728b)  -> (artifact id: 'dbbf218a944982c63788974f8be779d6') in 0.141809 seconds 
========================================================================
Received Import Request.
  Time since last request: 0.000072 seconds.
  path: Assets/Mono School/Resources/Character/student2_shirt.png
  artifactKey: Guid(e409213d0658bc344b540520273a1195) Importer(815301076,1909f56bfc062723c751e8b465ee728b)
Start importing Assets/Mono School/Resources/Character/student2_shirt.png using Guid(e409213d0658bc344b540520273a1195) Importer(815301076,1909f56bfc062723c751e8b465ee728b)  -> (artifact id: 'eaf3a23c6fb8c433b1894a0a8645be49') in 0.140072 seconds 
========================================================================
Received Import Request.
  Time since last request: 0.000028 seconds.
  path: Assets/Mono School/Resources/Character/student8.png
  artifactKey: Guid(4f9a539b62ed9064ebc76115e1d3361f) Importer(815301076,1909f56bfc062723c751e8b465ee728b)
Start importing Assets/Mono School/Resources/Character/student8.png using Guid(4f9a539b62ed9064ebc76115e1d3361f) Importer(815301076,1909f56bfc062723c751e8b465ee728b)  -> (artifact id: 'b471dc2268198d7bc2cf25c29c003b05') in 0.148428 seconds 
========================================================================
Received Import Request.
  Time since last request: 0.000044 seconds.
  path: Assets/Mono School/Resources/Character/student5_shirt.png
  artifactKey: Guid(f92fbc4b34f1e6b4cb370ba5db2ab29d) Importer(815301076,1909f56bfc062723c751e8b465ee728b)
Start importing Assets/Mono School/Resources/Character/student5_shirt.png using Guid(f92fbc4b34f1e6b4cb370ba5db2ab29d) Importer(815301076,1909f56bfc062723c751e8b465ee728b)  -> (artifact id: '9c0ac554706819090c393b06fd8046f8') in 0.120282 seconds 
========================================================================
Received Import Request.
  Time since last request: 0.000111 seconds.
  path: Assets/Mono School/Resources/Character/student3.png
  artifactKey: Guid(4816820d8a28f6447adae747b0608daa) Importer(815301076,1909f56bfc062723c751e8b465ee728b)
Start importing Assets/Mono School/Resources/Character/student3.png using Guid(4816820d8a28f6447adae747b0608daa) Importer(815301076,1909f56bfc062723c751e8b465ee728b)  -> (artifact id: '36abd6a9855dbb9c93e890611e2f3a5b') in 0.111141 seconds 
========================================================================
Received Import Request.
  Time since last request: 0.000034 seconds.
  path: Assets/Mono School/Resources/Character/student3_shirt.png
  artifactKey: Guid(223eea1cbd33aa34ba0ccb0dfca6b7f7) Importer(815301076,1909f56bfc062723c751e8b465ee728b)
Start importing Assets/Mono School/Resources/Character/student3_shirt.png using Guid(223eea1cbd33aa34ba0ccb0dfca6b7f7) Importer(815301076,1909f56bfc062723c751e8b465ee728b)  -> (artifact id: '65e122956af79a3e9e662b8abfed23da') in 0.129871 seconds 
========================================================================
Received Import Request.
  Time since last request: 0.000186 seconds.
  path: Assets/Mono School/Resources/Character/student8_shirt.png
  artifactKey: Guid(fa410cdd93337704a98e872bd9f94d82) Importer(815301076,1909f56bfc062723c751e8b465ee728b)
Start importing Assets/Mono School/Resources/Character/student8_shirt.png using Guid(fa410cdd93337704a98e872bd9f94d82) Importer(815301076,1909f56bfc062723c751e8b465ee728b)  -> (artifact id: '5761b48ae771f7aba59fc58cfa6208b2') in 0.111763 seconds 
========================================================================
Received Import Request.
  Time since last request: 0.000111 seconds.
  path: Assets/Mono School/Resources/Character/student2.png
  artifactKey: Guid(124de1cdff92b104bac14061aba2a40c) Importer(815301076,1909f56bfc062723c751e8b465ee728b)
Start importing Assets/Mono School/Resources/Character/student2.png using Guid(124de1cdff92b104bac14061aba2a40c) Importer(815301076,1909f56bfc062723c751e8b465ee728b)  -> (artifact id: '0e2944eb8b8c2ea8dcd4f30a78c9b0a5') in 0.143558 seconds 
========================================================================
Received Import Request.
  Time since last request: 0.000029 seconds.
  path: Assets/Mono School/Resources/Character/student6.png
  artifactKey: Guid(eb5975b6997b2664592a4269404001c3) Importer(815301076,1909f56bfc062723c751e8b465ee728b)
Start importing Assets/Mono School/Resources/Character/student6.png using Guid(eb5975b6997b2664592a4269404001c3) Importer(815301076,1909f56bfc062723c751e8b465ee728b)  -> (artifact id: 'cc50ba02ed6af55868f527f034e1ed6e') in 0.176501 seconds 
========================================================================
Received Import Request.
  Time since last request: 0.000174 seconds.
  path: Assets/Mono School/Resources/Character/student5.png
  artifactKey: Guid(2e9e2b93560be3b448d2b90f1b73c8da) Importer(815301076,1909f56bfc062723c751e8b465ee728b)
Start importing Assets/Mono School/Resources/Character/student5.png using Guid(2e9e2b93560be3b448d2b90f1b73c8da) Importer(815301076,1909f56bfc062723c751e8b465ee728b)  -> (artifact id: '5ab4e5ae1da7e7de1c87f2460f7e02ea') in 0.090833 seconds 
========================================================================
Received Import Request.
  Time since last request: 0.000039 seconds.
  path: Assets/Mono School/Resources/Character/student4_shirt.png
  artifactKey: Guid(c0e929208c78c8d4a96c91c443e2f640) Importer(815301076,1909f56bfc062723c751e8b465ee728b)
Start importing Assets/Mono School/Resources/Character/student4_shirt.png using Guid(c0e929208c78c8d4a96c91c443e2f640) Importer(815301076,1909f56bfc062723c751e8b465ee728b)  -> (artifact id: 'f3492322988138d64e8e85c5a5baa810') in 0.093834 seconds 
========================================================================
Received Import Request.
  Time since last request: 0.000039 seconds.
  path: Assets/Mono School/Resources/Character/student6_shirt.png
  artifactKey: Guid(0367aeae76445f247991ec4fdbae77bf) Importer(815301076,1909f56bfc062723c751e8b465ee728b)
Start importing Assets/Mono School/Resources/Character/student6_shirt.png using Guid(0367aeae76445f247991ec4fdbae77bf) Importer(815301076,1909f56bfc062723c751e8b465ee728b)  -> (artifact id: 'a6188d1886569129a7711c6126dd2bc8') in 0.098414 seconds 
========================================================================
Received Import Request.
  Time since last request: 0.000032 seconds.
  path: Assets/Mono School/Resources/Character/student7_shirt.png
  artifactKey: Guid(99a185300c7a6534e9fda3539fa71c43) Importer(815301076,1909f56bfc062723c751e8b465ee728b)
Start importing Assets/Mono School/Resources/Character/student7_shirt.png using Guid(99a185300c7a6534e9fda3539fa71c43) Importer(815301076,1909f56bfc062723c751e8b465ee728b)  -> (artifact id: '64223a386c72a81eabc7fea84e8f3099') in 0.125612 seconds 
========================================================================
Received Import Request.
  Time since last request: 0.000056 seconds.
  path: Assets/Mono School/Resources/Character/student4.png
  artifactKey: Guid(a0bf07ad2cdb7a64abcc8deb412ff12b) Importer(815301076,1909f56bfc062723c751e8b465ee728b)
Start importing Assets/Mono School/Resources/Character/student4.png using Guid(a0bf07ad2cdb7a64abcc8deb412ff12b) Importer(815301076,1909f56bfc062723c751e8b465ee728b)  -> (artifact id: 'd0a590fafd44a23fb3ac40ca6679687a') in 0.114452 seconds 
========================================================================
Received Import Request.
  Time since last request: 0.000027 seconds.
  path: Assets/Mono School/Resources/Character/student7.png
  artifactKey: Guid(001909dd196a47843a8394d3fd844883) Importer(815301076,1909f56bfc062723c751e8b465ee728b)
Start importing Assets/Mono School/Resources/Character/student7.png using Guid(001909dd196a47843a8394d3fd844883) Importer(815301076,1909f56bfc062723c751e8b465ee728b)  -> (artifact id: '694da7c8d02538415882e9d96db6e955') in 0.124329 seconds 
========================================================================
Received Import Request.
  Time since last request: 6.720176 seconds.
  path: Assets
  artifactKey: Guid(00000000000000001000000000000000) Importer(815301076,1909f56bfc062723c751e8b465ee728b)
Start importing Assets using Guid(00000000000000001000000000000000) Importer(815301076,1909f56bfc062723c751e8b465ee728b)  -> (artifact id: '79842766b460edbeab6a34051e857a80') in 0.007210 seconds 
